Build started 8/29/2014 2:46:09 AM.
     1>Project "C:\Users\zachary\Desktop\NetworkSDL\sdl2.0\sdl2.0.vcxproj" on node 2 (Build target(s)).
     1>ClCompile:
         C:\Program Files (x86)\Microsoft Visual Studio 12.0\VC\bin\CL.exe /c /IC:\Users\zachary\Desktop\NetworkSDL\\sdl2.0\include /ZI /nologo /W3 /WX- /Od /Oy- /D WIN32 /D _DEBUG /D _CONSOLE /D _UNICODE /D UNICODE /Gm /EHsc /RTC1 /MDd /GS /fp:precise /Zc:wchar_t /Zc:forScope /Fo"Debug\\" /Fd"Debug\vc120.pdb" /Gd /TP /analyze- /errorReport:prompt GameObject.cpp Manager.cpp Network.cpp main.cpp
         Network.cpp
     1>c:\users\zachary\desktop\networksdl\sdl2.0\network.cpp(13): warning C4101: 'iSendResult' : unreferenced local variable
     1>c:\users\zachary\desktop\networksdl\sdl2.0\network.cpp(195): warning C4129: 'I' : unrecognized character escape sequence
     1>c:\users\zachary\desktop\networksdl\sdl2.0\network.cpp(213): warning C4129: 'I' : unrecognized character escape sequence
         Generating Code...
     1>c:\users\zachary\desktop\networksdl\sdl2.0\network.cpp(167): warning C4715: 'Network::Init' : not all control paths return a value
         Compiling...
         Manager.cpp
     1>c:\users\zachary\desktop\networksdl\sdl2.0\manager.cpp(176): warning C4244: '=' : conversion from 'int' to 'float', possible loss of data
     1>c:\users\zachary\desktop\networksdl\sdl2.0\manager.cpp(177): warning C4244: '=' : conversion from 'int' to 'float', possible loss of data
         Generating Code...
     1>c:\users\zachary\desktop\networksdl\sdl2.0\manager.cpp(101): warning C4715: 'Manager::LoadLevel' : not all control paths return a value
         Skipping... (no relevant changes detected)
         main.cpp
         GameObject.cpp
       Link:
         C:\Program Files (x86)\Microsoft Visual Studio 12.0\VC\bin\link.exe /ERRORREPORT:PROMPT /OUT:"C:\Users\zachary\Desktop\NetworkSDL\Debug\sdl2.0.exe" /INCREMENTAL:NO /NOLOGO /LIBPATH:C:\Users\zachary\Desktop\NetworkSDL\\sdl2.0\lib\x86 SDL2.lib SDL2_image.lib SDL2_ttf.lib SDL2main.lib SDL2test.lib kernel32.lib user32.lib gdi32.lib winspool.lib comdlg32.lib advapi32.lib shell32.lib ole32.lib oleaut32.lib uuid.lib odbc32.lib odbccp32.lib /MANIFEST /MANIFESTUAC:"level='asInvoker' uiAccess='false'" /manifest:embed /DEBUG /PDB:"C:\Users\zachary\Desktop\NetworkSDL\Debug\sdl2.0.pdb" /SUBSYSTEM:CONSOLE /TLBID:1 /DYNAMICBASE /NXCOMPAT /IMPLIB:"C:\Users\zachary\Desktop\NetworkSDL\Debug\sdl2.0.lib" /MACHINE:X86 Debug\client.obj
         Debug\Enemy.obj
         Debug\GameObject.obj
         Debug\main.obj
         Debug\Manager.obj
         Debug\Network.obj
         Debug\Player.obj
         Debug\server.obj
     1>client.obj : warning LNK4075: ignoring '/EDITANDCONTINUE' due to '/OPT:LBR' specification
     1>MSVCRTD.lib(cinitexe.obj) : warning LNK4098: defaultlib 'msvcrt.lib' conflicts with use of other libs; use /NODEFAULTLIB:library
         sdl2.0.vcxproj -> C:\Users\zachary\Desktop\NetworkSDL\Debug\sdl2.0.exe
     1>Done Building Project "C:\Users\zachary\Desktop\NetworkSDL\sdl2.0\sdl2.0.vcxproj" (Build target(s)).

Build succeeded.

Time Elapsed 00:00:01.06
