l:\msoriano\interwebs\sdl2.0\sdl2.0\debug\enemy.obj
l:\msoriano\interwebs\sdl2.0\sdl2.0\debug\gameobject.obj
l:\msoriano\interwebs\sdl2.0\sdl2.0\debug\main.obj
l:\msoriano\interwebs\sdl2.0\sdl2.0\debug\manager.obj
l:\msoriano\interwebs\sdl2.0\sdl2.0\debug\player.obj
l:\msoriano\interwebs\sdl2.0\sdl2.0\debug\vc100.pdb
l:\msoriano\interwebs\sdl2.0\debug\sdl2.0.pdb
c:\users\zack\desktop\networksdl\sdl2.0\debug\vc120.pdb
c:\users\zack\desktop\networksdl\sdl2.0\debug\vc120.idb
c:\users\zack\desktop\networksdl\sdl2.0\debug\enemy.obj
c:\users\zack\desktop\networksdl\sdl2.0\debug\gameobject.obj
c:\users\zack\desktop\networksdl\sdl2.0\debug\main.obj
c:\users\zack\desktop\networksdl\sdl2.0\debug\manager.obj
c:\users\zack\desktop\networksdl\sdl2.0\debug\player.obj
c:\users\zack\desktop\networksdl\sdl2.0\debug\sdl2.0.vcxprojresolveassemblyreference.cache
c:\users\zack\desktop\networksdl\sdl2.0\debug\cl.command.1.tlog
c:\users\zack\desktop\networksdl\sdl2.0\debug\cl.read.1.tlog
c:\users\zack\desktop\networksdl\sdl2.0\debug\cl.write.1.tlog
c:\users\zack\desktop\networksdl\sdl2.0\debug\link.command.1.tlog
c:\users\zack\desktop\networksdl\sdl2.0\debug\link.read.1.tlog
c:\users\zack\desktop\networksdl\sdl2.0\debug\link.write.1.tlog
c:\users\zack\desktop\networksdl\sdl2.0\debug\mt.command.1.tlog
c:\users\zack\desktop\networksdl\sdl2.0\debug\mt.read.1.tlog
c:\users\zack\desktop\networksdl\sdl2.0\debug\mt.write.1.tlog
c:\users\zack\desktop\networksdl\sdl2.0\debug\sdl2.0.write.1.tlog
c:\users\zack\desktop\networksdl\sdl2.0\debug\sdl2.0.exe.intermediate.manifest
c:\users\zack\desktop\networksdl\sdl2.0\debug\vc100.idb
c:\users\zack\desktop\networksdl\sdl2.0\debug\vc100.pdb
c:\users\zack\desktop\networksdl\sdl2.0\debug\sdl2.0.tlog\cl.command.1.tlog
c:\users\zack\desktop\networksdl\sdl2.0\debug\sdl2.0.tlog\cl.read.1.tlog
c:\users\zack\desktop\networksdl\sdl2.0\debug\sdl2.0.tlog\cl.write.1.tlog
c:\users\zack\desktop\networksdl\sdl2.0\debug\sdl2.0.tlog\link-cvtres.read.1.tlog
c:\users\zack\desktop\networksdl\sdl2.0\debug\sdl2.0.tlog\link-cvtres.write.1.tlog
c:\users\zack\desktop\networksdl\sdl2.0\debug\sdl2.0.tlog\link-rc.read.1.tlog
c:\users\zack\desktop\networksdl\sdl2.0\debug\sdl2.0.tlog\link-rc.write.1.tlog
c:\users\zack\desktop\networksdl\sdl2.0\debug\sdl2.0.tlog\link.command.1.tlog
c:\users\zack\desktop\networksdl\sdl2.0\debug\sdl2.0.tlog\link.read.1.tlog
c:\users\zack\desktop\networksdl\sdl2.0\debug\sdl2.0.tlog\link.write.1.tlog
